<?xml version="1.0" encoding="UTF-8"?>
<!-- Generated by org.testng.reporters.JUnitReportReporter -->
<testsuite hostname="LAPTOP-DENRBFPO" failures="0" tests="1" name="testNGAttributes.assertions" time="8.481" errors="0" timestamp="2024-05-18T10:04:52 IST" skipped="0">
  <testcase classname="testNGAttributes.assertions" name="dws_assert" time="8.481"/>
  <system-out/>
</testsuite> <!-- testNGAttributes.assertions -->
