<?xml version="1.0" encoding="UTF-8"?>
<!-- Generated by org.testng.reporters.JUnitReportReporter -->
<testsuite hostname="LAPTOP-DENRBFPO" failures="0" tests="4" name="testNGAttributes.TestNGAttributes" time="0.017" errors="0" timestamp="2024-05-17T12:31:12 IST" skipped="0">
  <testcase classname="testNGAttributes.TestNGAttributes" name="subscribeTest" time="0.001"/>
  <system-out/>
  <testcase classname="testNGAttributes.TestNGAttributes" name="searchTest" time="0.002"/>
  <system-out/>
  <testcase classname="testNGAttributes.TestNGAttributes" name="loginTest" time="0.002"/>
  <system-out/>
  <testcase classname="testNGAttributes.TestNGAttributes" name="registerTest" time="0.012"/>
  <system-out/>
</testsuite> <!-- testNGAttributes.TestNGAttributes -->
