<?xml version="1.0" encoding="UTF-8"?>
<!-- Generated by org.testng.reporters.JUnitReportReporter -->
<testsuite hostname="LAPTOP-DENRBFPO" failures="0" tests="1" name="testNGAttributes.groupsAttributeTestClass1" time="0.002" errors="0" timestamp="2024-05-17T15:11:18 IST" skipped="0">
  <testcase classname="testNGAttributes.groupsAttributeTestClass1" name="loginTest" time="0.002"/>
  <system-out/>
</testsuite> <!-- testNGAttributes.groupsAttributeTestClass1 -->
