<?xml version="1.0" encoding="UTF-8"?>
<!-- Generated by org.testng.reporters.JUnitReportReporter -->
<testsuite hostname="LAPTOP-DENRBFPO" failures="0" tests="6" name="testNGAttributes.TestNGAttributes2" time="47.491" errors="0" timestamp="2024-05-17T14:17:46 IST" skipped="0">
  <testcase classname="testNGAttributes.TestNGAttributes2" name="searchTest" time="9.463"/>
  <system-out/>
  <testcase classname="testNGAttributes.TestNGAttributes2" name="searchTest" time="7.933"/>
  <system-out/>
  <testcase classname="testNGAttributes.TestNGAttributes2" name="searchTest" time="7.236"/>
  <system-out/>
  <testcase classname="testNGAttributes.TestNGAttributes2" name="searchTest" time="6.562"/>
  <system-out/>
  <testcase classname="testNGAttributes.TestNGAttributes2" name="searchTest" time="6.789"/>
  <system-out/>
  <testcase classname="testNGAttributes.TestNGAttributes2" name="searchTest" time="9.508"/>
  <system-out/>
</testsuite> <!-- testNGAttributes.TestNGAttributes2 -->
