<?xml version="1.0" encoding="UTF-8"?>
<!-- Generated by org.testng.reporters.JUnitReportReporter -->
<testsuite hostname="LAPTOP-DENRBFPO" failures="0" tests="2" name="testNGAttributes.groupsInclude1" time="0.026" errors="0" timestamp="2024-05-17T17:33:52 IST" skipped="0">
  <testcase classname="testNGAttributes.groupsInclude1" name="subscribeTest" time="0.023"/>
  <system-out/>
  <testcase classname="testNGAttributes.groupsInclude1" name="voteTest" time="0.003"/>
  <system-out/>
</testsuite> <!-- testNGAttributes.groupsInclude1 -->
