<?xml version="1.0" encoding="UTF-8"?>
<!-- Generated by org.testng.reporters.JUnitReportReporter -->
<testsuite hostname="LAPTOP-DENRBFPO" failures="0" tests="1" name="testNgScripts.subscribeTest" time="8.957" errors="0" timestamp="2024-05-18T10:26:14 IST" skipped="0">
  <testcase classname="testNgScripts.subscribeTest" name="subscribetest" time="8.957"/>
  <system-out>
    <![CDATA[Subcsription test case done]]>
  </system-out>
</testsuite> <!-- testNgScripts.subscribeTest -->
