<?xml version="1.0" encoding="UTF-8"?>
<!-- Generated by org.testng.reporters.JUnitReportReporter -->
<testsuite hostname="LAPTOP-DENRBFPO" failures="0" tests="1" name="testNGAttributes.testNGParameters" time="8.508" errors="0" timestamp="2024-05-18T09:39:50 IST" skipped="0">
  <testcase classname="testNGAttributes.testNGParameters" name="subscribeTest" time="8.508"/>
  <system-out/>
</testsuite> <!-- testNGAttributes.testNGParameters -->
