<?xml version="1.0" encoding="UTF-8"?>
<!-- Generated by org.testng.reporters.JUnitReportReporter -->
<testsuite hostname="LAPTOP-DENRBFPO" failures="0" tests="1" name="testNgScripts.SearchTest" time="10.230" errors="0" timestamp="2024-05-18T10:26:14 IST" skipped="0">
  <testcase classname="testNgScripts.SearchTest" name="searchTestcase" time="10.230"/>
  <system-out>
    <![CDATA[Search is successfull]]>
  </system-out>
</testsuite> <!-- testNgScripts.SearchTest -->
