<?xml version="1.0" encoding="UTF-8"?>
<!-- Generated by org.testng.reporters.JUnitReportReporter -->
<testsuite hostname="LAPTOP-DENRBFPO" failures="0" tests="3" name="testNGAttributes.dataProvider1" time="17.016" errors="0" timestamp="2024-05-18T11:27:12 IST" skipped="0">
  <testcase classname="testNGAttributes.dataProvider1" name="searchTest1" time="5.131"/>
  <system-out/>
  <testcase classname="testNGAttributes.dataProvider1" name="searchTest1" time="5.241"/>
  <system-out/>
  <testcase classname="testNGAttributes.dataProvider1" name="searchTest1" time="6.644"/>
  <system-out/>
</testsuite> <!-- testNGAttributes.dataProvider1 -->
