<?xml version="1.0" encoding="UTF-8"?>
<!-- Generated by org.testng.reporters.JUnitReportReporter -->
<testsuite hostname="LAPTOP-DENRBFPO" failures="0" tests="2" name="testNGAttributes.groupsInclude2" time="0.004" errors="0" timestamp="2024-05-17T17:33:52 IST" skipped="0">
  <testcase classname="testNGAttributes.groupsInclude2" name="logoutTest" time="0.002"/>
  <system-out/>
  <testcase classname="testNGAttributes.groupsInclude2" name="loginTest" time="0.002"/>
  <system-out/>
</testsuite> <!-- testNGAttributes.groupsInclude2 -->
