<?xml version="1.0" encoding="UTF-8"?>
<!-- Generated by org.testng.reporters.JUnitReportReporter -->
<testsuite hostname="LAPTOP-DENRBFPO" failures="0" tests="1" name="testNGAttributes.groupsAttributeTestClass2" time="0.020" errors="0" timestamp="2024-05-17T15:11:18 IST" skipped="0">
  <testcase classname="testNGAttributes.groupsAttributeTestClass2" name="registerTest" time="0.020"/>
  <system-out/>
</testsuite> <!-- testNGAttributes.groupsAttributeTestClass2 -->
