<?xml version="1.0" encoding="UTF-8"?>
<!-- Generated by org.testng.reporters.JUnitReportReporter -->
<testsuite hostname="LAPTOP-DENRBFPO" failures="0" tests="2" name="testNGAttributes.TestNGAnnotation" time="0.018" errors="0" timestamp="2024-05-17T14:29:59 IST" skipped="0">
  <testcase classname="testNGAttributes.TestNGAnnotation" name="testcase1" time="0.004"/>
  <system-out/>
  <testcase classname="testNGAttributes.TestNGAnnotation" name="testCase2" time="0.014"/>
  <system-out/>
</testsuite> <!-- testNGAttributes.TestNGAnnotation -->
