<?xml version="1.0" encoding="UTF-8"?>
<!-- Generated by org.testng.reporters.JUnitReportReporter -->
<testsuite hostname="LAPTOP-DENRBFPO" failures="0" tests="1" name="testNgScripts.VoteTest" time="8.731" errors="0" timestamp="2024-05-18T10:26:14 IST" skipped="0">
  <testcase classname="testNgScripts.VoteTest" name="voteTest" time="8.731"/>
  <system-out>
    <![CDATA[Vote test done]]>
  </system-out>
</testsuite> <!-- testNgScripts.VoteTest -->
