<?xml version="1.0" encoding="UTF-8"?>
<!-- Generated by org.testng.reporters.JUnitReportReporter -->
<testsuite hostname="LAPTOP-DENRBFPO" failures="0" tests="2" name="testNGAttributes.ConfigAnnotations" time="4.824" errors="0" timestamp="2024-05-17T14:52:07 IST" skipped="0">
  <testcase classname="testNGAttributes.ConfigAnnotations" name="subscribeTestcase" time="3.138"/>
  <system-out>
    <![CDATA[Inside subscribeTestcase]]>
  </system-out>
  <testcase classname="testNGAttributes.ConfigAnnotations" name="searchTestcase" time="1.686"/>
  <system-out>
    <![CDATA[Search is successfull]]>
  </system-out>
</testsuite> <!-- testNGAttributes.ConfigAnnotations -->
