<?xml version="1.0" encoding="UTF-8"?>
<!-- Generated by org.testng.reporters.JUnitReportReporter -->
<testsuite hostname="LAPTOP-DENRBFPO" failures="0" tests="3" name="testNGAttributes.dataProvider" time="17.540" errors="0" timestamp="2024-05-18T11:20:06 IST" skipped="0">
  <testcase classname="testNGAttributes.dataProvider" name="searchTest" time="5.212"/>
  <system-out/>
  <testcase classname="testNGAttributes.dataProvider" name="searchTest" time="6.921"/>
  <system-out/>
  <testcase classname="testNGAttributes.dataProvider" name="searchTest" time="5.407"/>
  <system-out/>
</testsuite> <!-- testNGAttributes.dataProvider -->
